<?xml version="1.0" encoding="UTF-8"?>
<!-- Generated by org.testng.reporters.JUnitReportReporter -->
<testsuite skipped="0" hostname="basandan-WX-1" name="test.GoogleSearch_TestNG2" tests="1" failures="0" timestamp="20 Nov 2019 11:34:46 GMT" time="4.487" errors="0">
  <testcase name="googleSearch3" time="4.487" classname="test.GoogleSearch_TestNG2"/>
</testsuite> <!-- test.GoogleSearch_TestNG2 -->
