<?xml version="1.0" encoding="UTF-8"?>
<!-- Generated by org.testng.reporters.JUnitReportReporter -->
<testsuite skipped="1" hostname="basandan-WX-1" name="test.GoogleSearch_TestNG" tests="4" failures="0" timestamp="20 Nov 2019 13:22:19 GMT" time="3.523" errors="0">
  <testcase name="googleSearch" time="3.520" classname="test.GoogleSearch_TestNG"/>
  <testcase name="testRetry2" time="0.002" classname="test.GoogleSearch_TestNG">
    <skipped/>
  </testcase> <!-- testRetry2 -->
  <testcase name="testRetry1" time="0.000" classname="test.GoogleSearch_TestNG"/>
  <testcase name="testRetry2" time="0.001" classname="test.GoogleSearch_TestNG"/>
</testsuite> <!-- test.GoogleSearch_TestNG -->
